12:52:33.400 [main] INFO  testCases.TC_001_AccountRegistrationTest - Starting My Test Case...
12:52:44.279 [main] ERROR testCases.TC_001_AccountRegistrationTest - Test Case Failed
10:57:10.517 [main] INFO  testCases.TC_001_AccountRegistrationTest - Starting My Test Case...
10:57:21.167 [main] ERROR testCases.TC_001_AccountRegistrationTest - Test Case Failed
11:05:26.775 [TestNG-tests-1] INFO  testCases.TC_001_AccountRegistrationTest - Starting My Test Case...
11:05:30.908 [TestNG-tests-2] INFO  testCases.TC_001_AccountRegistrationTest - Starting My Test Case...
11:05:37.377 [TestNG-tests-1] ERROR testCases.TC_001_AccountRegistrationTest - Test Case Failed
11:05:41.454 [TestNG-tests-2] ERROR testCases.TC_001_AccountRegistrationTest - Test Case Failed
11:23:28.492 [TestNG-tests-2] INFO  testCases.TC_001_AccountRegistrationTest - Starting My Test Case...
11:23:28.772 [TestNG-tests-1] INFO  testCases.TC_001_AccountRegistrationTest - Starting My Test Case...
11:23:39.251 [TestNG-tests-2] ERROR testCases.TC_001_AccountRegistrationTest - Test Case Failed
11:23:39.573 [TestNG-tests-1] ERROR testCases.TC_001_AccountRegistrationTest - Test Case Failed
12:05:14.388 [main] INFO  testCases.TC_001_AccountRegistrationTest - Starting My Test Case...
12:05:25.051 [main] ERROR testCases.TC_001_AccountRegistrationTest - Test Case Failed
12:06:36.688 [main] INFO  testCases.TC_001_AccountRegistrationTest - Starting My Test Case...
12:06:47.251 [main] ERROR testCases.TC_001_AccountRegistrationTest - Test Case Failed
12:08:09.336 [TestNG-tests-2] INFO  testCases.TC_001_AccountRegistrationTest - Starting My Test Case...
12:08:09.338 [TestNG-tests-1] INFO  testCases.TC_001_AccountRegistrationTest - Starting My Test Case...
12:08:09.924 [TestNG-tests-1] ERROR testCases.TC_001_AccountRegistrationTest - Test Case Failed
12:08:19.981 [TestNG-tests-2] ERROR testCases.TC_001_AccountRegistrationTest - Test Case Failed
11:11:57.267 [main] INFO  testCases.TC_001_AccountRegistrationTest - Starting My Test Case...
11:12:07.334 [main] ERROR testCases.TC_001_AccountRegistrationTest - Test Case Failed
11:14:01.630 [main] INFO  testCases.TC_002_LoginDataDrivenTest -  Starting TC_003_LoginDataDrivenTest 
11:14:12.917 [main] INFO  testCases.TC_002_LoginDataDrivenTest -  Finished TC_003_LoginDataDrivenTest
11:14:12.935 [main] INFO  testCases.TC_002_LoginDataDrivenTest -  Starting TC_003_LoginDataDrivenTest 
11:14:38.201 [main] INFO  testCases.TC_002_LoginDataDrivenTest -  Finished TC_003_LoginDataDrivenTest
11:14:38.211 [main] INFO  testCases.TC_002_LoginDataDrivenTest -  Starting TC_003_LoginDataDrivenTest 
11:14:48.519 [main] INFO  testCases.TC_002_LoginDataDrivenTest -  Finished TC_003_LoginDataDrivenTest
11:14:48.524 [main] INFO  testCases.TC_002_LoginDataDrivenTest -  Starting TC_003_LoginDataDrivenTest 
11:14:58.813 [main] INFO  testCases.TC_002_LoginDataDrivenTest -  Finished TC_003_LoginDataDrivenTest
11:14:58.817 [main] INFO  testCases.TC_002_LoginDataDrivenTest -  Starting TC_003_LoginDataDrivenTest 
11:15:09.111 [main] INFO  testCases.TC_002_LoginDataDrivenTest -  Finished TC_003_LoginDataDrivenTest
